2023-12-03 18:17:58 [main] twoknightsgame.gui.main.Main.main()
DEBUG: Application starts..
2023-12-03 18:18:12 [JavaFX Application Thread] twoknightsgame.state.board.SimpleBoard.<init>()
DEBUG: The board has been created for the match!
2023-12-03 18:18:12 [JavaFX Application Thread] twoknightsgame.state.board.SimpleBoard.<init>()
INFO: The board contains of 10x10 tiles!
2023-12-03 18:18:12 [JavaFX Application Thread] twoknightsgame.gui.controller.TwoKnightsGameController.initialize()
DEBUG: The Board is displayed on the GUI
2023-12-03 18:18:12 [JavaFX Application Thread] twoknightsgame.gui.controller.TwoKnightsGameController.initialize()
INFO: The GUI's board contains of a Grid-pane which is filled with panes!
2023-12-03 18:18:14 [JavaFX Application Thread] twoknightsgame.gui.controller.TwoKnightsGameController.whiteWantsToStep()
DEBUG: White wants to step!
2023-12-03 18:18:14 [JavaFX Application Thread] twoknightsgame.state.board.SimpleBoard.possibleSteps()
DEBUG: The possible steps are calculated for twoknightsgame.state.board.Point@3c1 point!
2023-12-03 18:18:15 [JavaFX Application Thread] twoknightsgame.state.piece.Knight.whiteMove()
DEBUG: WHITE moved to 2,1 point
2023-12-03 18:18:15 [JavaFX Application Thread] twoknightsgame.state.board.SimpleBoard.paint()
DEBUG: The twoknightsgame.state.board.Point@400 tile painted to WHITE
2023-12-03 18:18:15 [JavaFX Application Thread] twoknightsgame.state.util.WinCalculation.isWon()
DEBUG: Checking if we've won at point 2,1
2023-12-03 18:18:15 [JavaFX Application Thread] twoknightsgame.gui.controller.TwoKnightsGameController.rePrintBoard()
DEBUG: Reprinting board.
2023-12-03 18:18:15 [JavaFX Application Thread] twoknightsgame.gui.controller.TwoKnightsGameController.oneMove()
DEBUG: The step is displayed!
2023-12-03 18:18:15 [JavaFX Application Thread] twoknightsgame.gui.controller.TwoKnightsGameController.blackWantsToStep()
DEBUG: Black wants to step!
2023-12-03 18:18:15 [JavaFX Application Thread] twoknightsgame.state.board.SimpleBoard.possibleSteps()
DEBUG: The possible steps are calculated for twoknightsgame.state.board.Point@3ca point!
2023-12-03 18:18:17 [JavaFX Application Thread] twoknightsgame.state.piece.Knight.blackMove()
DEBUG: BLACK moved to 2,8 point
2023-12-03 18:18:17 [JavaFX Application Thread] twoknightsgame.state.board.SimpleBoard.paint()
DEBUG: The twoknightsgame.state.board.Point@407 tile painted to BLACK
2023-12-03 18:18:17 [JavaFX Application Thread] twoknightsgame.state.util.WinCalculation.isWon()
DEBUG: Checking if we've won at point 2,8
2023-12-03 18:18:17 [JavaFX Application Thread] twoknightsgame.gui.controller.TwoKnightsGameController.rePrintBoard()
DEBUG: Reprinting board.
2023-12-03 18:18:17 [JavaFX Application Thread] twoknightsgame.gui.controller.TwoKnightsGameController.oneMove()
DEBUG: The step is displayed!
2023-12-03 18:18:18 [JavaFX Application Thread] twoknightsgame.gui.controller.TwoKnightsGameController.whiteWantsToStep()
DEBUG: White wants to step!
2023-12-03 18:18:18 [JavaFX Application Thread] twoknightsgame.state.board.SimpleBoard.possibleSteps()
DEBUG: The possible steps are calculated for twoknightsgame.state.board.Point@400 point!
2023-12-03 18:18:19 [JavaFX Application Thread] twoknightsgame.state.piece.Knight.whiteMove()
DEBUG: WHITE moved to 0,2 point
2023-12-03 18:18:19 [JavaFX Application Thread] twoknightsgame.state.board.SimpleBoard.paint()
DEBUG: The twoknightsgame.state.board.Point@3c3 tile painted to WHITE
2023-12-03 18:18:19 [JavaFX Application Thread] twoknightsgame.state.util.WinCalculation.isWon()
DEBUG: Checking if we've won at point 0,2
2023-12-03 18:18:19 [JavaFX Application Thread] twoknightsgame.gui.controller.TwoKnightsGameController.rePrintBoard()
DEBUG: Reprinting board.
2023-12-03 18:18:19 [JavaFX Application Thread] twoknightsgame.gui.controller.TwoKnightsGameController.oneMove()
DEBUG: The step is displayed!
2023-12-03 18:18:19 [JavaFX Application Thread] twoknightsgame.gui.controller.TwoKnightsGameController.blackWantsToStep()
DEBUG: Black wants to step!
2023-12-03 18:18:19 [JavaFX Application Thread] twoknightsgame.state.board.SimpleBoard.possibleSteps()
DEBUG: The possible steps are calculated for twoknightsgame.state.board.Point@407 point!
2023-12-03 18:18:20 [JavaFX Application Thread] twoknightsgame.state.piece.Knight.blackMove()
DEBUG: BLACK moved to 3,6 point
2023-12-03 18:18:20 [JavaFX Application Thread] twoknightsgame.state.board.SimpleBoard.paint()
DEBUG: The twoknightsgame.state.board.Point@424 tile painted to BLACK
2023-12-03 18:18:20 [JavaFX Application Thread] twoknightsgame.state.util.WinCalculation.isWon()
DEBUG: Checking if we've won at point 3,6
2023-12-03 18:18:20 [JavaFX Application Thread] twoknightsgame.gui.controller.TwoKnightsGameController.rePrintBoard()
DEBUG: Reprinting board.
2023-12-03 18:18:20 [JavaFX Application Thread] twoknightsgame.gui.controller.TwoKnightsGameController.oneMove()
DEBUG: The step is displayed!
2023-12-03 18:18:21 [JavaFX Application Thread] twoknightsgame.gui.controller.TwoKnightsGameController.whiteWantsToStep()
DEBUG: White wants to step!
2023-12-03 18:18:21 [JavaFX Application Thread] twoknightsgame.state.board.SimpleBoard.possibleSteps()
DEBUG: The possible steps are calculated for twoknightsgame.state.board.Point@3c3 point!
2023-12-03 18:18:21 [JavaFX Application Thread] twoknightsgame.state.piece.Knight.whiteMove()
DEBUG: WHITE moved to 1,0 point
2023-12-03 18:18:21 [JavaFX Application Thread] twoknightsgame.state.board.SimpleBoard.paint()
DEBUG: The twoknightsgame.state.board.Point@3e0 tile painted to WHITE
2023-12-03 18:18:21 [JavaFX Application Thread] twoknightsgame.state.util.WinCalculation.isWon()
DEBUG: Checking if we've won at point 1,0
2023-12-03 18:18:21 [JavaFX Application Thread] twoknightsgame.gui.controller.TwoKnightsGameController.rePrintBoard()
DEBUG: Reprinting board.
2023-12-03 18:18:21 [JavaFX Application Thread] twoknightsgame.gui.controller.TwoKnightsGameController.oneMove()
DEBUG: The step is displayed!
2023-12-03 18:18:22 [JavaFX Application Thread] twoknightsgame.gui.controller.TwoKnightsGameController.blackWantsToStep()
DEBUG: Black wants to step!
2023-12-03 18:18:22 [JavaFX Application Thread] twoknightsgame.state.board.SimpleBoard.possibleSteps()
DEBUG: The possible steps are calculated for twoknightsgame.state.board.Point@424 point!
2023-12-03 18:18:28 [JavaFX Application Thread] twoknightsgame.state.piece.Knight.blackMove()
DEBUG: BLACK moved to 4,8 point
2023-12-03 18:18:28 [JavaFX Application Thread] twoknightsgame.state.board.SimpleBoard.paint()
DEBUG: The twoknightsgame.state.board.Point@445 tile painted to BLACK
2023-12-03 18:18:28 [JavaFX Application Thread] twoknightsgame.state.util.WinCalculation.isWon()
DEBUG: Checking if we've won at point 4,8
2023-12-03 18:18:28 [JavaFX Application Thread] twoknightsgame.gui.controller.TwoKnightsGameController.rePrintBoard()
DEBUG: Reprinting board.
2023-12-03 18:18:28 [JavaFX Application Thread] twoknightsgame.gui.controller.TwoKnightsGameController.oneMove()
DEBUG: The step is displayed!
2023-12-03 18:18:29 [JavaFX Application Thread] twoknightsgame.gui.controller.TwoKnightsGameController.whiteWantsToStep()
DEBUG: White wants to step!
2023-12-03 18:18:29 [JavaFX Application Thread] twoknightsgame.state.board.SimpleBoard.possibleSteps()
DEBUG: The possible steps are calculated for twoknightsgame.state.board.Point@3e0 point!
2023-12-03 18:18:29 [JavaFX Application Thread] twoknightsgame.state.piece.Knight.whiteMove()
DEBUG: WHITE moved to 2,2 point
2023-12-03 18:18:29 [JavaFX Application Thread] twoknightsgame.state.board.SimpleBoard.paint()
DEBUG: The twoknightsgame.state.board.Point@401 tile painted to WHITE
2023-12-03 18:18:29 [JavaFX Application Thread] twoknightsgame.state.util.WinCalculation.isWon()
DEBUG: Checking if we've won at point 2,2
2023-12-03 18:18:29 [JavaFX Application Thread] twoknightsgame.gui.controller.TwoKnightsGameController.rePrintBoard()
DEBUG: Reprinting board.
2023-12-03 18:18:29 [JavaFX Application Thread] twoknightsgame.gui.controller.TwoKnightsGameController.oneMove()
DEBUG: The step is displayed!
2023-12-03 18:18:30 [JavaFX Application Thread] twoknightsgame.gui.controller.TwoKnightsGameController.blackWantsToStep()
DEBUG: Black wants to step!
2023-12-03 18:18:30 [JavaFX Application Thread] twoknightsgame.state.board.SimpleBoard.possibleSteps()
DEBUG: The possible steps are calculated for twoknightsgame.state.board.Point@445 point!
2023-12-03 18:18:31 [JavaFX Application Thread] twoknightsgame.state.piece.Knight.blackMove()
DEBUG: BLACK moved to 2,7 point
2023-12-03 18:18:31 [JavaFX Application Thread] twoknightsgame.state.board.SimpleBoard.paint()
DEBUG: The twoknightsgame.state.board.Point@406 tile painted to BLACK
2023-12-03 18:18:31 [JavaFX Application Thread] twoknightsgame.state.util.WinCalculation.isWon()
DEBUG: Checking if we've won at point 2,7
2023-12-03 18:18:31 [JavaFX Application Thread] twoknightsgame.gui.controller.TwoKnightsGameController.rePrintBoard()
DEBUG: Reprinting board.
2023-12-03 18:18:31 [JavaFX Application Thread] twoknightsgame.gui.controller.TwoKnightsGameController.oneMove()
DEBUG: The step is displayed!
2023-12-03 18:18:33 [JavaFX Application Thread] twoknightsgame.gui.controller.TwoKnightsGameController.whiteWantsToStep()
DEBUG: White wants to step!
2023-12-03 18:18:33 [JavaFX Application Thread] twoknightsgame.state.board.SimpleBoard.possibleSteps()
DEBUG: The possible steps are calculated for twoknightsgame.state.board.Point@401 point!
2023-12-03 18:18:33 [JavaFX Application Thread] twoknightsgame.state.piece.Knight.whiteMove()
DEBUG: WHITE moved to 0,1 point
2023-12-03 18:18:33 [JavaFX Application Thread] twoknightsgame.state.board.SimpleBoard.paint()
DEBUG: The twoknightsgame.state.board.Point@3c2 tile painted to WHITE
2023-12-03 18:18:33 [JavaFX Application Thread] twoknightsgame.state.util.WinCalculation.isWon()
DEBUG: Checking if we've won at point 0,1
2023-12-03 18:18:33 [JavaFX Application Thread] twoknightsgame.gui.controller.TwoKnightsGameController.rePrintBoard()
DEBUG: Reprinting board.
2023-12-03 18:18:33 [JavaFX Application Thread] twoknightsgame.gui.controller.TwoKnightsGameController.oneMove()
DEBUG: The step is displayed!
2023-12-03 18:18:34 [JavaFX Application Thread] twoknightsgame.gui.controller.TwoKnightsGameController.blackWantsToStep()
DEBUG: Black wants to step!
2023-12-03 18:18:34 [JavaFX Application Thread] twoknightsgame.state.board.SimpleBoard.possibleSteps()
DEBUG: The possible steps are calculated for twoknightsgame.state.board.Point@406 point!
2023-12-03 18:18:36 [JavaFX Application Thread] twoknightsgame.state.piece.Knight.blackMove()
DEBUG: BLACK moved to 0,6 point
2023-12-03 18:18:36 [JavaFX Application Thread] twoknightsgame.state.board.SimpleBoard.paint()
DEBUG: The twoknightsgame.state.board.Point@3c7 tile painted to BLACK
2023-12-03 18:18:36 [JavaFX Application Thread] twoknightsgame.state.util.WinCalculation.isWon()
DEBUG: Checking if we've won at point 0,6
2023-12-03 18:18:36 [JavaFX Application Thread] twoknightsgame.gui.controller.TwoKnightsGameController.rePrintBoard()
DEBUG: Reprinting board.
2023-12-03 18:18:36 [JavaFX Application Thread] twoknightsgame.gui.controller.TwoKnightsGameController.oneMove()
DEBUG: The step is displayed!
2023-12-03 18:18:37 [JavaFX Application Thread] twoknightsgame.gui.controller.TwoKnightsGameController.whiteWantsToStep()
DEBUG: White wants to step!
2023-12-03 18:18:37 [JavaFX Application Thread] twoknightsgame.state.board.SimpleBoard.possibleSteps()
DEBUG: The possible steps are calculated for twoknightsgame.state.board.Point@3c2 point!
2023-12-03 18:18:38 [JavaFX Application Thread] twoknightsgame.state.piece.Knight.whiteMove()
DEBUG: WHITE moved to 2,0 point
2023-12-03 18:18:38 [JavaFX Application Thread] twoknightsgame.state.board.SimpleBoard.paint()
DEBUG: The twoknightsgame.state.board.Point@3ff tile painted to WHITE
2023-12-03 18:18:38 [JavaFX Application Thread] twoknightsgame.state.util.WinCalculation.isWon()
DEBUG: Checking if we've won at point 2,0
2023-12-03 18:18:38 [JavaFX Application Thread] twoknightsgame.gui.controller.TwoKnightsGameController.rePrintBoard()
DEBUG: Reprinting board.
2023-12-03 18:18:38 [JavaFX Application Thread] twoknightsgame.gui.controller.TwoKnightsGameController.oneMove()
DEBUG: The step is displayed!
2023-12-03 18:18:39 [JavaFX Application Thread] twoknightsgame.gui.controller.TwoKnightsGameController.blackWantsToStep()
DEBUG: Black wants to step!
2023-12-03 18:18:39 [JavaFX Application Thread] twoknightsgame.state.board.SimpleBoard.possibleSteps()
DEBUG: The possible steps are calculated for twoknightsgame.state.board.Point@3c7 point!
2023-12-03 18:18:39 [JavaFX Application Thread] twoknightsgame.state.piece.Knight.blackMove()
DEBUG: BLACK moved to 1,8 point
2023-12-03 18:18:39 [JavaFX Application Thread] twoknightsgame.state.board.SimpleBoard.paint()
DEBUG: The twoknightsgame.state.board.Point@3e8 tile painted to BLACK
2023-12-03 18:18:39 [JavaFX Application Thread] twoknightsgame.state.util.WinCalculation.isWon()
DEBUG: Checking if we've won at point 1,8
2023-12-03 18:18:39 [JavaFX Application Thread] twoknightsgame.gui.controller.TwoKnightsGameController.rePrintBoard()
DEBUG: Reprinting board.
2023-12-03 18:18:39 [JavaFX Application Thread] twoknightsgame.gui.controller.TwoKnightsGameController.oneMove()
DEBUG: The step is displayed!
2023-12-03 18:18:40 [JavaFX Application Thread] twoknightsgame.gui.controller.TwoKnightsGameController.whiteWantsToStep()
DEBUG: White wants to step!
2023-12-03 18:18:40 [JavaFX Application Thread] twoknightsgame.state.board.SimpleBoard.possibleSteps()
DEBUG: The possible steps are calculated for twoknightsgame.state.board.Point@3ff point!
2023-12-03 18:18:41 [JavaFX Application Thread] twoknightsgame.state.piece.Knight.whiteMove()
DEBUG: WHITE moved to 4,1 point
2023-12-03 18:18:41 [JavaFX Application Thread] twoknightsgame.state.board.SimpleBoard.paint()
DEBUG: The twoknightsgame.state.board.Point@43e tile painted to WHITE
2023-12-03 18:18:41 [JavaFX Application Thread] twoknightsgame.state.util.WinCalculation.isWon()
DEBUG: Checking if we've won at point 4,1
2023-12-03 18:18:41 [JavaFX Application Thread] twoknightsgame.gui.controller.TwoKnightsGameController.rePrintBoard()
DEBUG: Reprinting board.
2023-12-03 18:18:41 [JavaFX Application Thread] twoknightsgame.gui.controller.TwoKnightsGameController.oneMove()
DEBUG: The step is displayed!
2023-12-03 18:18:41 [JavaFX Application Thread] twoknightsgame.gui.controller.TwoKnightsGameController.blackWantsToStep()
DEBUG: Black wants to step!
2023-12-03 18:18:41 [JavaFX Application Thread] twoknightsgame.state.board.SimpleBoard.possibleSteps()
DEBUG: The possible steps are calculated for twoknightsgame.state.board.Point@3e8 point!
2023-12-03 18:18:45 [JavaFX Application Thread] twoknightsgame.state.piece.Knight.blackMove()
DEBUG: BLACK moved to 3,7 point
2023-12-03 18:18:45 [JavaFX Application Thread] twoknightsgame.state.board.SimpleBoard.paint()
DEBUG: The twoknightsgame.state.board.Point@425 tile painted to BLACK
2023-12-03 18:18:45 [JavaFX Application Thread] twoknightsgame.state.util.WinCalculation.isWon()
DEBUG: Checking if we've won at point 3,7
2023-12-03 18:18:45 [JavaFX Application Thread] twoknightsgame.gui.controller.TwoKnightsGameController.rePrintBoard()
DEBUG: Reprinting board.
2023-12-03 18:18:45 [JavaFX Application Thread] twoknightsgame.gui.controller.TwoKnightsGameController.oneMove()
DEBUG: The step is displayed!
2023-12-03 18:18:46 [JavaFX Application Thread] twoknightsgame.gui.controller.TwoKnightsGameController.whiteWantsToStep()
DEBUG: White wants to step!
2023-12-03 18:18:46 [JavaFX Application Thread] twoknightsgame.state.board.SimpleBoard.possibleSteps()
DEBUG: The possible steps are calculated for twoknightsgame.state.board.Point@43e point!
2023-12-03 18:18:48 [JavaFX Application Thread] twoknightsgame.state.piece.Knight.whiteMove()
DEBUG: WHITE moved to 3,3 point
2023-12-03 18:18:48 [JavaFX Application Thread] twoknightsgame.state.board.SimpleBoard.paint()
DEBUG: The twoknightsgame.state.board.Point@421 tile painted to WHITE
2023-12-03 18:18:48 [JavaFX Application Thread] twoknightsgame.state.util.WinCalculation.isWon()
DEBUG: Checking if we've won at point 3,3
2023-12-03 18:18:48 [JavaFX Application Thread] twoknightsgame.gui.controller.TwoKnightsGameController.rePrintBoard()
DEBUG: Reprinting board.
2023-12-03 18:18:48 [JavaFX Application Thread] twoknightsgame.gui.controller.TwoKnightsGameController.oneMove()
DEBUG: The step is displayed!
2023-12-03 18:18:48 [JavaFX Application Thread] twoknightsgame.gui.controller.TwoKnightsGameController.blackWantsToStep()
DEBUG: Black wants to step!
2023-12-03 18:18:48 [JavaFX Application Thread] twoknightsgame.state.board.SimpleBoard.possibleSteps()
DEBUG: The possible steps are calculated for twoknightsgame.state.board.Point@425 point!
2023-12-03 18:18:49 [JavaFX Application Thread] twoknightsgame.state.piece.Knight.blackMove()
DEBUG: BLACK moved to 4,5 point
2023-12-03 18:18:49 [JavaFX Application Thread] twoknightsgame.state.board.SimpleBoard.paint()
DEBUG: The twoknightsgame.state.board.Point@442 tile painted to BLACK
2023-12-03 18:18:49 [JavaFX Application Thread] twoknightsgame.state.util.WinCalculation.isWon()
DEBUG: Checking if we've won at point 4,5
2023-12-03 18:18:49 [JavaFX Application Thread] twoknightsgame.gui.controller.TwoKnightsGameController.rePrintBoard()
DEBUG: Reprinting board.
2023-12-03 18:18:52 [JavaFX Application Thread] twoknightsgame.model.Database.saveGameResultToDB()
DEBUG: Saved the result of the Game to the Database!
2023-12-03 18:18:52 [JavaFX Application Thread] twoknightsgame.gui.controller.TwoKnightsGameController.setWhoseTurn()
DEBUG: It's a WIN!
2023-12-03 18:18:52 [JavaFX Application Thread] twoknightsgame.gui.controller.TwoKnightsGameController.oneMove()
DEBUG: The step is displayed!
2023-12-03 18:18:54 [JavaFX Application Thread] twoknightsgame.gui.controller.TwoKnightsGameController.btnExitClicked()
DEBUG: Button exit clicked!
2023-12-03 18:18:55 [main] twoknightsgame.gui.main.Main.main()
DEBUG: Application closed!
